<?xml version="1.0" encoding="UTF-8"?>
<testsuite name="War.WarTest" tests="9" skipped="0" failures="0" errors="0" timestamp="2017-07-21T02:46:32" hostname="Cody-PC" time="0.003">
  <properties/>
  <testcase name="testThatPlayerCardIsDrawn" classname="War.WarTest" time="0.001"/>
  <testcase name="testThatCardIsRemovedFromPlayerHand" classname="War.WarTest" time="0.0"/>
  <testcase name="testThatCardIsAddedToEnemyHand" classname="War.WarTest" time="0.0"/>
  <testcase name="testThatCardIsAddedToPlayerHand" classname="War.WarTest" time="0.0"/>
  <testcase name="testThatEnemyCardIsDrawn" classname="War.WarTest" time="0.0"/>
  <testcase name="testThatLastCardisAThirteen" classname="War.WarTest" time="0.0"/>
  <testcase name="testThatPlayerHandIsDealt" classname="War.WarTest" time="0.0"/>
  <testcase name="testThatFirstCardIsAOne" classname="War.WarTest" time="0.0"/>
  <testcase name="testThatEnemyHandIsDealt" classname="War.WarTest" time="0.0"/>
  <system-out><![CDATA[]]></system-out>
  <system-err><![CDATA[]]></system-err>
</testsuite>
