<?xml version="1.0" encoding="UTF-8"?>
<testsuite name="War.WarDeckTest" tests="4" skipped="0" failures="0" errors="0" timestamp="2017-07-21T02:11:50" hostname="Cody-PC" time="0.003">
  <properties/>
  <testcase name="testThatLastCardisAThirteen" classname="War.WarDeckTest" time="0.002"/>
  <testcase name="testThatPlayerHandIsDealt" classname="War.WarDeckTest" time="0.0"/>
  <testcase name="testThatFirstCardIsAOne" classname="War.WarDeckTest" time="0.0"/>
  <testcase name="testThatEnemyHandIsDealt" classname="War.WarDeckTest" time="0.001"/>
  <system-out><![CDATA[]]></system-out>
  <system-err><![CDATA[]]></system-err>
</testsuite>
