<?xml version="1.0" encoding="UTF-8"?>
<testsuite name="War.WarTest" tests="4" skipped="0" failures="0" errors="0" timestamp="2017-07-21T01:05:48" hostname="Cody-PC" time="0.002">
  <properties/>
  <testcase name="testThatCardIsAddedToHand" classname="War.WarTest" time="0.001"/>
  <testcase name="testThatPlayerCardIsDrawn" classname="War.WarTest" time="0.0"/>
  <testcase name="testThatEnemyCardIsDrawn" classname="War.WarTest" time="0.0"/>
  <testcase name="testThatCardIsRemovedFromHand" classname="War.WarTest" time="0.001"/>
  <system-out><![CDATA[]]></system-out>
  <system-err><![CDATA[]]></system-err>
</testsuite>
