<?xml version="1.0" encoding="UTF-8"?>
<testsuite name="War.WarTest" tests="2" skipped="0" failures="0" errors="0" timestamp="2017-07-21T00:52:21" hostname="Cody-PC" time="0.001">
  <properties/>
  <testcase name="testThatPlayerCardIsDrawn" classname="War.WarTest" time="0.0"/>
  <testcase name="testThatEnemyCardIsDrawn" classname="War.WarTest" time="0.001"/>
  <system-out><![CDATA[]]></system-out>
  <system-err><![CDATA[]]></system-err>
</testsuite>
